{
  "RSpec": {
    "coverage": {
      "/workspaces/inner-svelte/app/helpers/about_helper.rb": {
        "lines": [
          1,
          null
        ]
      },
      "/workspaces/inner-svelte/app/helpers/application_helper.rb": {
        "lines": [
          1,
          null
        ]
      },
      "/workspaces/inner-svelte/app/controllers/about_controller.rb": {
        "lines": [
          0,
          0,
          0,
          0,
          0,
          0,
          0
        ],
        "branches": {}
      },
      "/workspaces/inner-svelte/app/controllers/application_controller.rb": {
        "lines": [
          0,
          null,
          0,
          0
        ],
        "branches": {}
      },
      "/workspaces/inner-svelte/app/controllers/inertia_example_controller.rb": {
        "lines": [
          null,
          null,
          0,
          0,
          0,
          0,
          0,
          0,
          0
        ],
        "branches": {}
      },
      "/workspaces/inner-svelte/app/jobs/application_job.rb": {
        "lines": [
          0,
          null,
          null,
          null,
          null,
          null,
          0
        ],
        "branches": {}
      },
      "/workspaces/inner-svelte/app/mailers/application_mailer.rb": {
        "lines": [
          0,
          0,
          0,
          0
        ],
        "branches": {}
      },
      "/workspaces/inner-svelte/app/models/application_record.rb": {
        "lines": [
          0,
          0,
          0
        ],
        "branches": {}
      }
    },
    "timestamp": 1756581616
  }
}
